0 info it worked if it ends with ok
1 verbose cli [ 'C:\\Program Files\\nodejs\\node.exe',
1 verbose cli   'C:\\Program Files\\nodejs\\node_modules\\npm\\bin\\npm-cli.js',
1 verbose cli   'start',
1 verbose cli   'localhost' ]
2 info using npm@3.10.10
3 info using node@v6.11.0
4 verbose run-script [ 'prestart', 'start', 'poststart' ]
5 info lifecycle sam-fe@1.0.0~prestart: sam-fe@1.0.0
6 silly lifecycle sam-fe@1.0.0~prestart: no script for prestart, continuing
7 info lifecycle sam-fe@1.0.0~start: sam-fe@1.0.0
8 verbose lifecycle sam-fe@1.0.0~start: unsafe-perm in lifecycle true
9 verbose lifecycle sam-fe@1.0.0~start: PATH: C:\Program Files\nodejs\node_modules\npm\bin\node-gyp-bin;C:\Users\Scott\Desktop\mylocal\FrontEnd\node_modules\.bin;C:\Program Files (x86)\Common Files\Oracle\Java\javapath;C:\Program Files\Ruby\Ruby24-x64\bin;C:\ProgramData\Oracle\Java\javapath;C:\Program Files\IIS Express\PHP\v7.0;C:\WINDOWS\system32\inetsrv;C:\WINDOWS\system32;C:\WINDOWS;C:\WINDOWS\System32\Wbem;C:\WINDOWS\System32\WindowsPowerShell\v1.0\;C:\Users\Scott\.dnx\bin;C:\Program Files\Microsoft DNX\Dnvm\;C:\Program Files\Microsoft SQL Server\120\Tools\Binn\;C:\Program Files (x86)\Windows Kits\10\Windows Performance Toolkit\;C:\Program Files\Microsoft SQL Server\110\DTS\Binn\;C:\Program Files (x86)\Microsoft SQL Server\110\Tools\Binn\;C:\Program Files\Microsoft SQL Server\110\Tools\Binn\;C:\Program Files (x86)\Microsoft SQL Server\110\Tools\Binn\ManagementStudio\;C:\Program Files (x86)\Microsoft Visual Studio 10.0\Common7\IDE\PrivateAssemblies\;C:\Program Files (x86)\Microsoft SQL Server\110\DTS\Binn\;C:\Program Files\Microsoft\Web Platform Installer\;C:\Program Files\Git\cmd;C:\Program Files (x86)\Windows Kits\10\bin\x64;C:\Program Files (x86)\Google\Chrome\Application\;C:\stunserver;C:\Program Files\Java\jdk1.7.0_79\\bin;C:\Program Files\MongoDB\Server\3.3\bin;C:\Program Files\apache-ant-1.9.7\bin;C:\Program Files\OpenSSL\bin;C:\WINDOWS\system32;C:\WINDOWS;C:\WINDOWS\System32\Wbem;C:\WINDOWS\System32\WindowsPowerShell\v1.0\;C:\Program Files\nodejs\;C:\ProgramData\ComposerSetup\bin;C:\Program Files\Intel\WiFi\bin\;C:\Program Files\Common Files\Intel\WirelessCommon\;C:\Users\Scott\AppData\Local\Programs\Python\Python36\Scripts\;C:\Users\Scott\AppData\Local\Programs\Python\Python36\;C:\Program Files\Ruby\Ruby24-x64\bin;C:\Program Files\Ruby24-x64\bin;C:\Program Files (x86)\Microsoft VS Code\bin;C:\Users\Scott\AppData\Local\Microsoft\WindowsApps;C:\Users\Scott\AppData\Roaming\npm;C:\Users\Scott\AppData\Roaming\Composer\vendor\bin;
10 verbose lifecycle sam-fe@1.0.0~start: CWD: C:\Users\Scott\Desktop\mylocal\FrontEnd
11 silly lifecycle sam-fe@1.0.0~start: Args: [ '/d /s /c', 'npm run localhost "localhost"' ]
12 silly lifecycle sam-fe@1.0.0~start: Returned: code: 1  signal: null
13 info lifecycle sam-fe@1.0.0~start: Failed to exec start script
14 verbose stack Error: sam-fe@1.0.0 start: `npm run localhost "localhost"`
14 verbose stack Exit status 1
14 verbose stack     at EventEmitter.<anonymous> (C:\Program Files\nodejs\node_modules\npm\lib\utils\lifecycle.js:255:16)
14 verbose stack     at emitTwo (events.js:106:13)
14 verbose stack     at EventEmitter.emit (events.js:191:7)
14 verbose stack     at ChildProcess.<anonymous> (C:\Program Files\nodejs\node_modules\npm\lib\utils\spawn.js:40:14)
14 verbose stack     at emitTwo (events.js:106:13)
14 verbose stack     at ChildProcess.emit (events.js:191:7)
14 verbose stack     at maybeClose (internal/child_process.js:891:16)
14 verbose stack     at Process.ChildProcess._handle.onexit (internal/child_process.js:226:5)
15 verbose pkgid sam-fe@1.0.0
16 verbose cwd C:\Users\Scott\Desktop\mylocal\FrontEnd
17 error Windows_NT 10.0.17134
18 error argv "C:\\Program Files\\nodejs\\node.exe" "C:\\Program Files\\nodejs\\node_modules\\npm\\bin\\npm-cli.js" "start" "localhost"
19 error node v6.11.0
20 error npm  v3.10.10
21 error code ELIFECYCLE
22 error sam-fe@1.0.0 start: `npm run localhost "localhost"`
22 error Exit status 1
23 error Failed at the sam-fe@1.0.0 start script 'npm run localhost "localhost"'.
23 error Make sure you have the latest version of node.js and npm installed.
23 error If you do, this is most likely a problem with the sam-fe package,
23 error not with npm itself.
23 error Tell the author that this fails on your system:
23 error     npm run localhost "localhost"
23 error You can get information on how to open an issue for this project with:
23 error     npm bugs sam-fe
23 error Or if that isn't available, you can get their info via:
23 error     npm owner ls sam-fe
23 error There is likely additional logging output above.
24 verbose exit [ 1, true ]
